Nov 13 00:17:01 ns5005513 CRON[408427]: (root) CMD (   cd / && run-parts --report /etc/cron.hourly)
Nov 13 00:24:01 ns5005513 CRON[412389]: (root) CMD (if [ $(date +%w) -eq 0 ] && [ -x /usr/lib/zfs-linux/scrub ]; then /usr/lib/zfs-linux/scrub; fi)
Nov 13 00:57:01 ns5005513 CRON[431183]: (root) CMD (if [ -x /usr/share/mdadm/checkarray ] && [ $(date +%d) -le 7 ]; then /usr/share/mdadm/checkarray --cron --all --idle --quiet; fi)
Nov 13 01:17:01 ns5005513 CRON[442594]: (root) CMD (   cd / && run-parts --report /etc/cron.hourly)
Nov 13 02:17:01 ns5005513 CRON[476684]: (root) CMD (   cd / && run-parts --report /etc/cron.hourly)
Nov 13 03:10:01 ns5005513 CRON[506845]: (root) CMD (test -e /run/systemd/system || SERVICE_MODE=1 /sbin/e2scrub_all -A -r)
Nov 13 03:17:01 ns5005513 CRON[510808]: (root) CMD (   cd / && run-parts --report /etc/cron.hourly)
Nov 13 03:30:01 ns5005513 CRON[518234]: (root) CMD (test -e /run/systemd/system || SERVICE_MODE=1 /usr/lib/x86_64-linux-gnu/e2fsprogs/e2scrub_all_cron)
Nov 13 04:17:01 ns5005513 CRON[548256]: (root) CMD (   cd / && run-parts --report /etc/cron.hourly)
Nov 13 05:17:01 ns5005513 CRON[585638]: (root) CMD (   cd / && run-parts --report /etc/cron.hourly)
Nov 13 06:17:01 ns5005513 CRON[636331]: (root) CMD (   cd / && run-parts --report /etc/cron.hourly)
Nov 13 06:25:01 ns5005513 CRON[644532]: (root) CMD (test -x /usr/sbin/anacron || ( cd / && run-parts --report /etc/cron.daily ))
Nov 13 06:47:01 ns5005513 CRON[663521]: (root) CMD (test -x /usr/sbin/anacron || ( cd / && run-parts --report /etc/cron.weekly ))
Nov 13 07:17:01 ns5005513 CRON[690599]: (root) CMD (   cd / && run-parts --report /etc/cron.hourly)
Nov 13 08:17:01 ns5005513 CRON[743927]: (root) CMD (   cd / && run-parts --report /etc/cron.hourly)
Nov 13 09:17:01 ns5005513 CRON[794545]: (root) CMD (   cd / && run-parts --report /etc/cron.hourly)
Nov 13 10:17:02 ns5005513 CRON[844644]: (root) CMD (   cd / && run-parts --report /etc/cron.hourly)
Nov 13 11:17:01 ns5005513 CRON[894993]: (root) CMD (   cd / && run-parts --report /etc/cron.hourly)
Nov 13 12:17:01 ns5005513 CRON[945320]: (root) CMD (   cd / && run-parts --report /etc/cron.hourly)
Nov 13 13:17:01 ns5005513 CRON[993904]: (root) CMD (   cd / && run-parts --report /etc/cron.hourly)
Nov 13 14:17:01 ns5005513 CRON[1031337]: (root) CMD (   cd / && run-parts --report /etc/cron.hourly)
Nov 13 15:17:01 ns5005513 CRON[1065590]: (root) CMD (   cd / && run-parts --report /etc/cron.hourly)
Nov 13 16:17:01 ns5005513 CRON[1099841]: (root) CMD (   cd / && run-parts --report /etc/cron.hourly)
Nov 13 17:17:01 ns5005513 CRON[1134038]: (root) CMD (   cd / && run-parts --report /etc/cron.hourly)
Nov 13 18:17:01 ns5005513 CRON[1168475]: (root) CMD (   cd / && run-parts --report /etc/cron.hourly)
Nov 13 19:17:01 ns5005513 CRON[1203919]: (root) CMD (   cd / && run-parts --report /etc/cron.hourly)
Nov 13 20:17:01 ns5005513 CRON[1238238]: (root) CMD (   cd / && run-parts --report /etc/cron.hourly)
Nov 13 21:17:01 ns5005513 CRON[1274178]: (root) CMD (   cd / && run-parts --report /etc/cron.hourly)
Nov 13 22:17:01 ns5005513 CRON[1309989]: (root) CMD (   cd / && run-parts --report /etc/cron.hourly)
Nov 13 23:17:01 ns5005513 CRON[1354483]: (root) CMD (   cd / && run-parts --report /etc/cron.hourly)
Nov 14 00:17:01 ns5005513 CRON[1388782]: (root) CMD (   cd / && run-parts --report /etc/cron.hourly)
Nov 14 00:24:01 ns5005513 CRON[1392795]: (root) CMD (if [ $(date +%w) -eq 0 ] && [ -x /usr/lib/zfs-linux/scrub ]; then /usr/lib/zfs-linux/scrub; fi)
Nov 14 01:17:01 ns5005513 CRON[1423071]: (root) CMD (   cd / && run-parts --report /etc/cron.hourly)
Nov 14 02:17:01 ns5005513 CRON[1457386]: (root) CMD (   cd / && run-parts --report /etc/cron.hourly)
Nov 14 03:10:01 ns5005513 CRON[1487686]: (root) CMD (test -e /run/systemd/system || SERVICE_MODE=1 /sbin/e2scrub_all -A -r)
Nov 14 03:17:01 ns5005513 CRON[1491711]: (root) CMD (   cd / && run-parts --report /etc/cron.hourly)
Nov 14 04:17:01 ns5005513 CRON[1526013]: (root) CMD (   cd / && run-parts --report /etc/cron.hourly)
Nov 14 05:17:01 ns5005513 CRON[1560279]: (root) CMD (   cd / && run-parts --report /etc/cron.hourly)
Nov 14 06:17:01 ns5005513 CRON[1594743]: (root) CMD (   cd / && run-parts --report /etc/cron.hourly)
Nov 14 06:25:01 ns5005513 CRON[1599349]: (root) CMD (test -x /usr/sbin/anacron || ( cd / && run-parts --report /etc/cron.daily ))
Nov 14 07:17:01 ns5005513 CRON[1629249]: (root) CMD (   cd / && run-parts --report /etc/cron.hourly)
Nov 14 08:17:01 ns5005513 CRON[1670517]: (root) CMD (   cd / && run-parts --report /etc/cron.hourly)
Nov 14 09:17:01 ns5005513 CRON[1705016]: (root) CMD (   cd / && run-parts --report /etc/cron.hourly)
Nov 14 10:17:01 ns5005513 CRON[1739572]: (root) CMD (   cd / && run-parts --report /etc/cron.hourly)
Nov 14 11:17:01 ns5005513 CRON[1774199]: (root) CMD (   cd / && run-parts --report /etc/cron.hourly)
Nov 14 12:17:01 ns5005513 CRON[1808536]: (root) CMD (   cd / && run-parts --report /etc/cron.hourly)
Nov 14 13:17:01 ns5005513 CRON[1842575]: (root) CMD (   cd / && run-parts --report /etc/cron.hourly)
Nov 14 14:17:01 ns5005513 CRON[1876689]: (root) CMD (   cd / && run-parts --report /etc/cron.hourly)
Nov 14 15:17:01 ns5005513 CRON[1910648]: (root) CMD (   cd / && run-parts --report /etc/cron.hourly)
Nov 14 16:17:01 ns5005513 CRON[1944449]: (root) CMD (   cd / && run-parts --report /etc/cron.hourly)
Nov 14 17:17:01 ns5005513 CRON[1978384]: (root) CMD (   cd / && run-parts --report /etc/cron.hourly)
Nov 14 18:17:01 ns5005513 CRON[2012244]: (root) CMD (   cd / && run-parts --report /etc/cron.hourly)
Nov 14 19:17:01 ns5005513 CRON[2047464]: (root) CMD (   cd / && run-parts --report /etc/cron.hourly)
Nov 14 20:17:01 ns5005513 CRON[2081424]: (root) CMD (   cd / && run-parts --report /etc/cron.hourly)
Nov 14 21:17:01 ns5005513 CRON[2115543]: (root) CMD (   cd / && run-parts --report /etc/cron.hourly)
Nov 14 22:17:01 ns5005513 CRON[2149503]: (root) CMD (   cd / && run-parts --report /etc/cron.hourly)
Nov 14 23:17:01 ns5005513 CRON[2183347]: (root) CMD (   cd / && run-parts --report /etc/cron.hourly)
Nov 15 00:17:01 ns5005513 CRON[2217402]: (root) CMD (   cd / && run-parts --report /etc/cron.hourly)
Nov 15 01:17:01 ns5005513 CRON[2251362]: (root) CMD (   cd / && run-parts --report /etc/cron.hourly)
Nov 15 02:17:01 ns5005513 CRON[2285394]: (root) CMD (   cd / && run-parts --report /etc/cron.hourly)
Nov 15 03:10:01 ns5005513 CRON[2316367]: (root) CMD (test -e /run/systemd/system || SERVICE_MODE=1 /sbin/e2scrub_all -A -r)
Nov 15 03:17:01 ns5005513 CRON[2320324]: (root) CMD (   cd / && run-parts --report /etc/cron.hourly)
Nov 15 04:17:01 ns5005513 CRON[2354357]: (root) CMD (   cd / && run-parts --report /etc/cron.hourly)
Nov 15 05:17:01 ns5005513 CRON[2389768]: (root) CMD (   cd / && run-parts --report /etc/cron.hourly)
Nov 15 06:17:01 ns5005513 CRON[2426825]: (root) CMD (   cd / && run-parts --report /etc/cron.hourly)
Nov 15 06:25:01 ns5005513 CRON[2431369]: (root) CMD (test -x /usr/sbin/anacron || ( cd / && run-parts --report /etc/cron.daily ))
Nov 15 07:00:01 ns5005513 CRON[2451210]: (debian) CMD (/home/debian/old-web-data/stats.sh)
Nov 15 07:17:01 ns5005513 CRON[2460865]: (root) CMD (   cd / && run-parts --report /etc/cron.hourly)
Nov 15 08:00:01 ns5005513 CRON[2485469]: (debian) CMD (/home/debian/old-web-data/stats.sh)
Nov 15 08:17:01 ns5005513 CRON[2495097]: (root) CMD (   cd / && run-parts --report /etc/cron.hourly)
Nov 15 09:00:01 ns5005513 CRON[2519521]: (debian) CMD (/home/debian/old-web-data/stats.sh)
Nov 15 09:17:01 ns5005513 CRON[2529139]: (root) CMD (   cd / && run-parts --report /etc/cron.hourly)
Nov 15 10:00:01 ns5005513 CRON[2554232]: (debian) CMD (/home/debian/old-web-data/stats.sh)
Nov 15 10:01:01 ns5005513 CRON[2554813]: (debian) CMD (sh /home/debian/old-web-data/stat.sh)
Nov 15 10:02:01 ns5005513 CRON[2555418]: (debian) CMD (sh /home/debian/old-web-data/stat.sh)
Nov 15 10:03:01 ns5005513 CRON[2556011]: (debian) CMD (sh /home/debian/old-web-data/stat.sh)
Nov 15 10:04:01 ns5005513 CRON[2556633]: (debian) CMD (sh /home/debian/old-web-data/stat.sh)
Nov 15 10:05:01 ns5005513 CRON[2557180]: (debian) CMD (sh /home/debian/old-web-data/stats.sh)
Nov 15 10:06:01 ns5005513 CRON[2557790]: (debian) CMD (sh /home/debian/old-web-data/stats.sh)
Nov 15 10:07:01 ns5005513 CRON[2558691]: (debian) CMD (sh /home/debian/old-web-data/stats.sh)
Nov 15 10:08:01 ns5005513 CRON[2559284]: (debian) CMD (sh /home/debian/old-web-data/stats.sh)
Nov 15 10:09:01 ns5005513 CRON[2559887]: (debian) CMD (sh /home/debian/old-web-data/stats.sh)
Nov 15 10:10:01 ns5005513 CRON[2561413]: (debian) CMD (sh /home/debian/old-web-data/stats.sh)
Nov 15 10:11:01 ns5005513 CRON[2562273]: (debian) CMD (sh /home/debian/old-web-data/stats.sh)
Nov 15 10:12:01 ns5005513 CRON[2562881]: (debian) CMD (sh /home/debian/old-web-data/stats.sh)
Nov 15 10:13:01 ns5005513 CRON[2563456]: (debian) CMD (sh /home/debian/old-web-data/stats.sh)
Nov 15 10:14:01 ns5005513 CRON[2564042]: (debian) CMD (sh /home/debian/old-web-data/stats.sh)
Nov 15 10:15:01 ns5005513 CRON[2564632]: (debian) CMD (sh /home/debian/old-web-data/stats.sh)
Nov 15 10:16:01 ns5005513 CRON[2565211]: (debian) CMD (sh /home/debian/old-web-data/stats.sh)
Nov 15 10:17:01 ns5005513 CRON[2565753]: (root) CMD (   cd / && run-parts --report /etc/cron.hourly)
Nov 15 10:17:01 ns5005513 CRON[2565752]: (debian) CMD (sh /home/debian/old-web-data/stats.sh)
Nov 15 10:18:01 ns5005513 CRON[2566338]: (debian) CMD (sh /home/debian/old-web-data/stats.sh)
Nov 15 10:19:01 ns5005513 CRON[2566942]: (debian) CMD (sh /home/debian/old-web-data/stats.sh)
Nov 15 10:20:01 ns5005513 CRON[2567520]: (debian) CMD (sh /home/debian/old-web-data/stats.sh)
Nov 15 10:21:01 ns5005513 CRON[2568121]: (debian) CMD (sh /home/debian/old-web-data/stats.sh)
Nov 15 10:22:01 ns5005513 CRON[2568735]: (debian) CMD (sh /home/debian/old-web-data/stats.sh)
Nov 15 10:23:01 ns5005513 CRON[2569303]: (debian) CMD (sh /home/debian/old-web-data/stats.sh)
Nov 15 10:24:01 ns5005513 CRON[2569908]: (debian) CMD (sh /home/debian/old-web-data/stats.sh)
Nov 15 10:25:01 ns5005513 CRON[2570825]: (debian) CMD (sh /home/debian/old-web-data/stats.sh)
Nov 15 10:26:01 ns5005513 CRON[2571493]: (debian) CMD (sh /home/debian/old-web-data/stats.sh)
Nov 15 10:27:01 ns5005513 CRON[2572132]: (debian) CMD (sh /home/debian/old-web-data/stats.sh)
Nov 15 10:28:01 ns5005513 CRON[2572713]: (debian) CMD (sh /home/debian/old-web-data/stats.sh)
Nov 15 10:29:01 ns5005513 CRON[2573599]: (debian) CMD (sh /home/debian/old-web-data/stats.sh)
Nov 15 10:30:01 ns5005513 CRON[2574513]: (debian) CMD (sh /home/debian/old-web-data/stats.sh)
Nov 15 10:31:01 ns5005513 CRON[2575428]: (debian) CMD (sh /home/debian/old-web-data/stats.sh)
